<?xml version="1.0" encoding="UTF-8"?>
<testsuite xmlns:xsi="http://www.w3.org/2001/XMLSchema-instance" xsi:noNamespaceSchemaLocation="https://maven.apache.org/surefire/maven-surefire-plugin/xsd/surefire-test-report.xsd" version="3.0.2" name="TestSuite" time="33.219" tests="12" errors="0" skipped="0" failures="1" flakes="0">
  <properties>
[...]
</properties>
  <testcase name="loginPageTitleTest" classname="com.qa.opencart.tests.LoginPageTest" time="1.719">
    <system-out><![CDATA[15:30:44.251 [main] DEBUG org.testng.TestNG -- suiteXmlPath: "C:\Users\syuon\My API Workspace\HybridApprachPractice\src\test\resources\testrunners\testng_regression.xml"
...
... TestNG 7.8.0 by Cédric Beust (cedric@beust.com)
...

15:30:46.451 [main] DEBUG com.aventstack.chaintest.service.ChainPluginService -- Found configuration entry chaintest.generator.email.enabled, will use chaintest.generator.email.class-name to resolve class
15:30:46.461 [main] DEBUG com.aventstack.chaintest.service.ChainPluginService -- Generator chaintest.generator.chainlp.enabled was not enabled. To enable, set property chaintest.generator.chainlp.enabled=true in your configuration
15:30:46.461 [main] DEBUG com.aventstack.chaintest.service.ChainPluginService -- Found configuration entry chaintest.generator.simple.enabled, will use chaintest.generator.simple.class-name to resolve class
15:30:46.467 [main] DEBUG com.aventstack.chaintest.generator.FileGenerator -- Loading template index.ftl for class class com.aventstack.chaintest.generator.ChainTestEmailGenerator with basePackagePath email/
15:30:47.208 [main] DEBUG com.aventstack.chaintest.generator.FileGenerator -- Loading template index.ftl for class class com.aventstack.chaintest.generator.ChainTestSimpleGenerator with basePackagePath simple
I am in onStart method Login Page Test
I am in onStart method Product Results Page Test
Env name is: null
Your env is null ... hence running tests on QA env ...
Env name is: null
Your env is null ... hence running tests on QA env ...
browser name is: chrome
browser name is: chrome
Credentials are: Mohitj@opencart.com : Automation123$
I am in onTestStart method loginPageTitleTest start
The page title is: Account Login
I am in onTestSuccess method loginPageTitleTest succeed
]]></system-out>
    <system-err><![CDATA[SLF4J(W): Class path contains multiple SLF4J providers.
SLF4J(W): Found provider [ch.qos.logback.classic.spi.LogbackServiceProvider@7bbc8656]
SLF4J(W): Found provider [org.slf4j.simple.SimpleServiceProvider@6933b6c6]
SLF4J(W): See https://www.slf4j.org/codes.html#multiple_bindings for an explanation.
SLF4J(I): Actual provider is of type [ch.qos.logback.classic.spi.LogbackServiceProvider@7bbc8656]
log4j:WARN No appenders could be found for logger (freemarker.cache).
log4j:WARN Please initialize the log4j system properly.
Mar 15, 2026 3:30:51 PM org.openqa.selenium.devtools.CdpVersionFinder findNearestMatch
WARNING: Unable to find an exact match for CDP version 146, returning the closest version; found: 145; Please update to a Selenium version that supports CDP version 146
Mar 15, 2026 3:30:51 PM org.openqa.selenium.devtools.CdpVersionFinder findNearestMatch
WARNING: Unable to find an exact match for CDP version 146, returning the closest version; found: 145; Please update to a Selenium version that supports CDP version 146
]]></system-err>
  </testcase>
  <testcase name="loginPageURLTest" classname="com.qa.opencart.tests.LoginPageTest" time="0.052">
    <system-out><![CDATA[I am in onTestStart method loginPageURLTest start
Login Page current URL is: https://naveenautomationlabs.com/opencart/index.php?route=account/login
I am in onTestSuccess method loginPageURLTest succeed
]]></system-out>
  </testcase>
  <testcase name="forgotPwdLinkExistTest" classname="com.qa.opencart.tests.LoginPageTest" time="4.207">
    <failure message="Expected condition failed: waiting for visibility of element found by By.linkText: Forgotten Password11, but... org.openqa.selenium.NoSuchElementException: no such element: Unable to locate element: {&quot;method&quot;:&quot;link text&quot;,&quot;selector&quot;:&quot;Forgotten Password11&quot;}.&#10;(tried for 20 seconds with 500 milliseconds interval)&#10;Build info: version: &apos;4.41.0&apos;, revision: &apos;9fc754f&apos;&#10;System info: os.name: &apos;Windows 10&apos;, os.arch: &apos;amd64&apos;, os.version: &apos;10.0&apos;, java.version: &apos;16.0.2&apos;&#10;Driver info: org.openqa.selenium.chrome.ChromeDriver&#10;Capabilities {acceptInsecureCerts: false, browserName: chrome, browserVersion: 146.0.7680.80, chrome: {chromedriverVersion: 146.0.7680.80 (f08938029c88..., userDataDir: C:\Users\syuon\AppData\Loca...}, fedcm:accounts: true, goog:chromeOptions: {debuggerAddress: localhost:65409}, goog:processID: 12752, networkConnectionEnabled: false, pageLoadStrategy: normal, platformName: windows, proxy: Proxy(), se:cdp: ws://localhost:65409/devtoo..., se:cdpVersion: 146.0.7680.80, setWindowRect: true, strictFileInteractability: false, timeouts: {implicit: 0, pageLoad: 300000, script: 30000}, unhandledPromptBehavior: dismiss and notify, webauthn:extension:credBlob: true, webauthn:extension:largeBlob: true, webauthn:extension:minPinLength: true, webauthn:extension:prf: true, webauthn:virtualAuthenticators: true}&#10;Session ID: d7c30d1fb396f4a43b2ba7c2a8faf439" type="org.openqa.selenium.TimeoutException"><![CDATA[org.openqa.selenium.TimeoutException: 
Expected condition failed: waiting for visibility of element found by By.linkText: Forgotten Password11, but... org.openqa.selenium.NoSuchElementException: no such element: Unable to locate element: {"method":"link text","selector":"Forgotten Password11"}.
(tried for 20 seconds with 500 milliseconds interval)
Build info: version: '4.41.0', revision: '9fc754f'
System info: os.name: 'Windows 10', os.arch: 'amd64', os.version: '10.0', java.version: '16.0.2'
Driver info: org.openqa.selenium.chrome.ChromeDriver
Capabilities {acceptInsecureCerts: false, browserName: chrome, browserVersion: 146.0.7680.80, chrome: {chromedriverVersion: 146.0.7680.80 (f08938029c88..., userDataDir: C:\Users\syuon\AppData\Loca...}, fedcm:accounts: true, goog:chromeOptions: {debuggerAddress: localhost:65409}, goog:processID: 12752, networkConnectionEnabled: false, pageLoadStrategy: normal, platformName: windows, proxy: Proxy(), se:cdp: ws://localhost:65409/devtoo..., se:cdpVersion: 146.0.7680.80, setWindowRect: true, strictFileInteractability: false, timeouts: {implicit: 0, pageLoad: 300000, script: 30000}, unhandledPromptBehavior: dismiss and notify, webauthn:extension:credBlob: true, webauthn:extension:largeBlob: true, webauthn:extension:minPinLength: true, webauthn:extension:prf: true, webauthn:virtualAuthenticators: true}
Session ID: d7c30d1fb396f4a43b2ba7c2a8faf439
	at org.openqa.selenium.support.ui.WebDriverWait.timeoutException(WebDriverWait.java:85)
	at org.openqa.selenium.support.ui.FluentWait.until(FluentWait.java:233)
	at com.qa.opencart.utils.ElementUtil.waitForVisibilityOfElement(ElementUtil.java:408)
	at com.qa.opencart.pages.LoginPage.isForgotPwdLinkExist(LoginPage.java:50)
	at com.qa.opencart.tests.LoginPageTest.forgotPwdLinkExistTest(LoginPageTest.java:42)
	at java.base/jdk.internal.reflect.NativeMethodAccessorImpl.invoke0(Native Method)
	at java.base/jdk.internal.reflect.NativeMethodAccessorImpl.invoke(NativeMethodAccessorImpl.java:78)
	at java.base/jdk.internal.reflect.DelegatingMethodAccessorImpl.invoke(DelegatingMethodAccessorImpl.java:43)
	at java.base/java.lang.reflect.Method.invoke(Method.java:567)
	at org.testng.internal.invokers.MethodInvocationHelper.invokeMethod(MethodInvocationHelper.java:139)
	at org.testng.internal.invokers.TestInvoker.invokeMethod(TestInvoker.java:664)
	at org.testng.internal.invokers.TestInvoker.invokeTestMethod(TestInvoker.java:227)
	at org.testng.internal.invokers.MethodRunner.runInSequence(MethodRunner.java:50)
	at org.testng.internal.invokers.TestInvoker$MethodInvocationAgent.invoke(TestInvoker.java:957)
	at org.testng.internal.invokers.TestInvoker.invokeTestMethods(TestInvoker.java:200)
	at org.testng.internal.invokers.TestMethodWorker.invokeTestMethods(TestMethodWorker.java:148)
	at org.testng.internal.invokers.TestMethodWorker.run(TestMethodWorker.java:128)
	at java.base/java.util.ArrayList.forEach(ArrayList.java:1511)
	at org.testng.TestRunner.privateRun(TestRunner.java:848)
	at org.testng.TestRunner.run(TestRunner.java:621)
	at org.testng.SuiteRunner.runTest(SuiteRunner.java:443)
	at org.testng.SuiteRunner$SuiteWorker.run(SuiteRunner.java:481)
	at org.testng.internal.thread.ThreadUtil.lambda$execute$0(ThreadUtil.java:58)
	at java.base/java.util.concurrent.FutureTask.run(FutureTask.java:264)
	at java.base/java.util.concurrent.ThreadPoolExecutor.runWorker(ThreadPoolExecutor.java:1130)
	at java.base/java.util.concurrent.ThreadPoolExecutor$Worker.run(ThreadPoolExecutor.java:630)
	at java.base/java.lang.Thread.run(Thread.java:831)
]]></failure>
    <system-out><![CDATA[I am in onFinish method Product Results Page Test
I am in onTestFailure method forgotPwdLinkExistTest failed
Screenshot captured for test case:forgotPwdLinkExistTest
]]></system-out>
    <system-err><![CDATA[Mar 15, 2026 3:31:12 PM org.openqa.selenium.remote.http.WebSocket$Listener onError
WARNING: Connection reset
java.net.SocketException: Connection reset
	at java.base/sun.nio.ch.SocketChannelImpl.throwConnectionReset(SocketChannelImpl.java:394)
	at java.base/sun.nio.ch.SocketChannelImpl.read(SocketChannelImpl.java:426)
	at java.net.http/jdk.internal.net.http.SocketTube.readAvailable(SocketTube.java:1162)
	at java.net.http/jdk.internal.net.http.SocketTube$InternalReadPublisher$InternalReadSubscription.read(SocketTube.java:825)
	at java.net.http/jdk.internal.net.http.SocketTube$SocketFlowTask.run(SocketTube.java:175)
	at java.net.http/jdk.internal.net.http.common.SequentialScheduler$SchedulableTask.run(SequentialScheduler.java:198)
	at java.net.http/jdk.internal.net.http.common.SequentialScheduler.runOrSchedule(SequentialScheduler.java:271)
	at java.net.http/jdk.internal.net.http.common.SequentialScheduler.runOrSchedule(SequentialScheduler.java:224)
	at java.net.http/jdk.internal.net.http.SocketTube$InternalReadPublisher$InternalReadSubscription.signalReadable(SocketTube.java:766)
	at java.net.http/jdk.internal.net.http.SocketTube$InternalReadPublisher$ReadEvent.signalEvent(SocketTube.java:949)
	at java.net.http/jdk.internal.net.http.SocketTube$SocketFlowEvent.handle(SocketTube.java:245)
	at java.net.http/jdk.internal.net.http.HttpClientImpl$SelectorManager.handleEvent(HttpClientImpl.java:960)
	at java.net.http/jdk.internal.net.http.HttpClientImpl$SelectorManager.lambda$run$3(HttpClientImpl.java:915)
	at java.base/java.util.ArrayList.forEach(ArrayList.java:1511)
	at java.net.http/jdk.internal.net.http.HttpClientImpl$SelectorManager.run(HttpClientImpl.java:915)

]]></system-err>
  </testcase>
  <testcase name="appLogExistTest" classname="com.qa.opencart.tests.LoginPageTest" time="0.048">
    <system-out><![CDATA[I am in onTestStart method appLogExistTest start
I am in onTestSuccess method appLogExistTest succeed
]]></system-out>
  </testcase>
  <testcase name="loginTest" classname="com.qa.opencart.tests.LoginPageTest" time="1.331">
    <system-out><![CDATA[I am in onTestStart method loginTest start
Credentials are: Mohitj@opencart.com : Automation123$
I am in onTestSuccess method loginTest succeed
]]></system-out>
  </testcase>
  <testcase name="productImagesTest[MacBook, MacBook Pro, 4](1)" classname="com.qa.opencart.tests.ProductResultsPageTest" time="2.388">
    <system-out><![CDATA[I am in onTestStart method forgotPwdLinkExistTest start
Reading test data from sheet: product
2026-03-15T19:30:54.592460200Z TestNG-tests-2 ERROR Log4j API could not find a logging provider.
I am in onTestStart method productImagesTest start
Product header: MacBook Pro
Product MacBook Pro Images count: 4
I am in onTestSuccess method productImagesTest succeed
]]></system-out>
  </testcase>
  <testcase name="productImagesTest[MacBook, MacBook Air, 4](2)" classname="com.qa.opencart.tests.ProductResultsPageTest" time="1.593">
    <system-out><![CDATA[I am in onTestStart method productImagesTest start
Product header: MacBook Air
Product MacBook Air Images count: 4
I am in onTestSuccess method productImagesTest succeed
]]></system-out>
  </testcase>
  <testcase name="productImagesTest[iMac, iMac, 3](3)" classname="com.qa.opencart.tests.ProductResultsPageTest" time="2.221">
    <system-out><![CDATA[I am in onTestStart method productImagesTest start
Product header: iMac
Product iMac Images count: 3
I am in onTestSuccess method productImagesTest succeed
]]></system-out>
  </testcase>
  <testcase name="productImagesTest[Samsung, Samsung SyncMaster 941BW, 1](4)" classname="com.qa.opencart.tests.ProductResultsPageTest" time="2.246">
    <system-out><![CDATA[I am in onTestStart method productImagesTest start
Product header: Samsung SyncMaster 941BW
Product Samsung SyncMaster 941BW Images count: 1
I am in onTestSuccess method productImagesTest succeed
]]></system-out>
  </testcase>
  <testcase name="productImagesTest[Canon, Canon EOS 5D, 3](5)" classname="com.qa.opencart.tests.ProductResultsPageTest" time="2.439">
    <system-out><![CDATA[I am in onTestStart method productImagesTest start
Product header: Canon EOS 5D
Product Canon EOS 5D Images count: 3
I am in onTestSuccess method productImagesTest succeed
]]></system-out>
  </testcase>
  <testcase name="productImagesTest[Samsung, Samsung Galaxy Tab 10.1, 7](6)" classname="com.qa.opencart.tests.ProductResultsPageTest" time="2.782">
    <system-out><![CDATA[I am in onTestStart method productImagesTest start
Product header: Samsung Galaxy Tab 10.1
Product Samsung Galaxy Tab 10.1 Images count: 7
I am in onTestSuccess method productImagesTest succeed
]]></system-out>
  </testcase>
  <testcase name="productInfoTest" classname="com.qa.opencart.tests.ProductResultsPageTest" time="1.708">
    <system-out><![CDATA[I am in onTestStart method productInfoTest start
Product header: MacBook Pro
{Availability=Out Of Stock, Brand=Apple, ExternalTaxprice=$2,000.00, Product Code=Product 18, Product name=MacBook Pro, Reward Points=800, price=$2,000.00}
I am in onTestSuccess method productInfoTest succeed
]]></system-out>
  </testcase>
</testsuite>