<?xml version="1.0" encoding="UTF-8"?>
<!-- Generated by org.testng.reporters.JUnitXMLReporter -->
<testsuite ignored="0" hostname="Sabawoon-Yuonus" failures="0" tests="5" name="Login Page Test" time="10.447" errors="0" timestamp="2026-03-17T13:16:35 EDT">
  <testcase classname="com.qa.opencart.tests.LoginPageTest" name="loginPageTitleTest" time="0.179"/>
  <testcase classname="com.qa.opencart.tests.LoginPageTest" name="loginPageURLTest" time="0.03"/>
  <testcase classname="com.qa.opencart.tests.LoginPageTest" name="forgotPwdLinkExistTest" time="0.102"/>
  <testcase classname="com.qa.opencart.tests.LoginPageTest" name="appLogExistTest" time="0.095"/>
  <testcase classname="com.qa.opencart.tests.LoginPageTest" name="loginTest" time="1.958"/>
</testsuite> <!-- Login Page Test -->
