<?xml version="1.0" encoding="UTF-8"?>
<!-- Generated by org.testng.reporters.JUnitXMLReporter -->
<testsuite ignored="0" hostname="Sabawoon-Yuonus" failures="0" tests="7" name="Product Results Page Test" time="25.319" errors="0" timestamp="2026-03-17T13:16:50 EDT">
  <testcase classname="com.qa.opencart.tests.ProductResultsPageTest" name="productImagesTest" time="2.498"/>
  <testcase classname="com.qa.opencart.tests.ProductResultsPageTest" name="productImagesTest" time="1.506"/>
  <testcase classname="com.qa.opencart.tests.ProductResultsPageTest" name="productImagesTest" time="1.928"/>
  <testcase classname="com.qa.opencart.tests.ProductResultsPageTest" name="productImagesTest" time="2.73"/>
  <testcase classname="com.qa.opencart.tests.ProductResultsPageTest" name="productImagesTest" time="3.577"/>
  <testcase classname="com.qa.opencart.tests.ProductResultsPageTest" name="productImagesTest" time="1.531"/>
  <testcase classname="com.qa.opencart.tests.ProductResultsPageTest" name="productInfoTest" time="1.331"/>
</testsuite> <!-- Product Results Page Test -->
