<?xml version="1.0" encoding="UTF-8"?>
<!-- Generated by org.testng.reporters.JUnitXMLReporter -->
<testsuite ignored="0" hostname="Sabawoon-Yuonus" failures="0" tests="7" name="Product Results Page Test" time="25.221" errors="0" timestamp="2026-03-15T15:31:12 EDT">
  <testcase classname="com.qa.opencart.tests.ProductResultsPageTest" name="productImagesTest" time="2.387"/>
  <testcase classname="com.qa.opencart.tests.ProductResultsPageTest" name="productImagesTest" time="1.587"/>
  <testcase classname="com.qa.opencart.tests.ProductResultsPageTest" name="productImagesTest" time="2.217"/>
  <testcase classname="com.qa.opencart.tests.ProductResultsPageTest" name="productImagesTest" time="2.242"/>
  <testcase classname="com.qa.opencart.tests.ProductResultsPageTest" name="productImagesTest" time="2.436"/>
  <testcase classname="com.qa.opencart.tests.ProductResultsPageTest" name="productImagesTest" time="2.78"/>
  <testcase classname="com.qa.opencart.tests.ProductResultsPageTest" name="productInfoTest" time="1.706"/>
</testsuite> <!-- Product Results Page Test -->
