<?xml version="1.0" encoding="UTF-8"?>
<testng-results ignored="0" total="12" passed="12" failed="0" skipped="0">
  <reporter-output>
  </reporter-output>
  <suite started-at="2026-03-17T13:16:24 EDT" name="Open Cart App Test Regression Suite" finished-at="2026-03-17T13:16:50 EDT" duration-ms="25319">
    <groups>
    </groups>
    <test started-at="2026-03-17T13:16:24 EDT" name="Login Page Test" finished-at="2026-03-17T13:16:35 EDT" duration-ms="10447">
      <class name="com.qa.opencart.tests.LoginPageTest">
        <test-method is-config="true" signature="setUp(java.lang.String)[pri:0, instance:com.qa.opencart.tests.LoginPageTest@38aafb53]" started-at="2026-03-17T13:16:24 EDT" name="setUp" finished-at="2026-03-17T13:16:31 EDT" duration-ms="6965" status="PASS">
          <params>
            <param index="0">
              <value>
                <![CDATA[chrome]]>
              </value>
            </param>
          </params>
          <reporter-output>
          </reporter-output>
        </test-method> <!-- setUp -->
        <test-method signature="loginPageTitleTest()[pri:1, instance:com.qa.opencart.tests.LoginPageTest@38aafb53]" started-at="2026-03-17T13:16:31 EDT" name="loginPageTitleTest" finished-at="2026-03-17T13:16:32 EDT" duration-ms="179" status="PASS">
          <reporter-output>
          </reporter-output>
        </test-method> <!-- loginPageTitleTest -->
        <test-method signature="loginPageURLTest()[pri:2, instance:com.qa.opencart.tests.LoginPageTest@38aafb53]" started-at="2026-03-17T13:16:32 EDT" name="loginPageURLTest" finished-at="2026-03-17T13:16:32 EDT" duration-ms="30" status="PASS">
          <reporter-output>
          </reporter-output>
        </test-method> <!-- loginPageURLTest -->
        <test-method signature="forgotPwdLinkExistTest()[pri:3, instance:com.qa.opencart.tests.LoginPageTest@38aafb53]" started-at="2026-03-17T13:16:32 EDT" name="forgotPwdLinkExistTest" finished-at="2026-03-17T13:16:32 EDT" duration-ms="102" status="PASS">
          <reporter-output>
          </reporter-output>
        </test-method> <!-- forgotPwdLinkExistTest -->
        <test-method signature="appLogExistTest()[pri:4, instance:com.qa.opencart.tests.LoginPageTest@38aafb53]" started-at="2026-03-17T13:16:32 EDT" name="appLogExistTest" finished-at="2026-03-17T13:16:32 EDT" duration-ms="95" status="PASS">
          <reporter-output>
          </reporter-output>
        </test-method> <!-- appLogExistTest -->
        <test-method signature="loginTest()[pri:5, instance:com.qa.opencart.tests.LoginPageTest@38aafb53]" started-at="2026-03-17T13:16:32 EDT" name="loginTest" finished-at="2026-03-17T13:16:34 EDT" duration-ms="1958" status="PASS">
          <reporter-output>
          </reporter-output>
        </test-method> <!-- loginTest -->
        <test-method is-config="true" signature="tearDown()[pri:0, instance:com.qa.opencart.tests.LoginPageTest@38aafb53]" started-at="2026-03-17T13:16:34 EDT" name="tearDown" finished-at="2026-03-17T13:16:35 EDT" duration-ms="718" status="PASS">
          <reporter-output>
          </reporter-output>
        </test-method> <!-- tearDown -->
      </class> <!-- com.qa.opencart.tests.LoginPageTest -->
    </test> <!-- Login Page Test -->
    <test started-at="2026-03-17T13:16:24 EDT" name="Product Results Page Test" finished-at="2026-03-17T13:16:50 EDT" duration-ms="25319">
      <class name="com.qa.opencart.tests.ProductResultsPageTest">
        <test-method is-config="true" signature="setUp(java.lang.String)[pri:0, instance:com.qa.opencart.tests.ProductResultsPageTest@2785db06]" started-at="2026-03-17T13:16:24 EDT" name="setUp" finished-at="2026-03-17T13:16:31 EDT" duration-ms="6474" status="PASS">
          <params>
            <param index="0">
              <value>
                <![CDATA[chrome]]>
              </value>
            </param>
          </params>
          <reporter-output>
          </reporter-output>
        </test-method> <!-- setUp -->
        <test-method is-config="true" signature="productResultSetup()[pri:0, instance:com.qa.opencart.tests.ProductResultsPageTest@2785db06]" started-at="2026-03-17T13:16:31 EDT" name="productResultSetup" finished-at="2026-03-17T13:16:31 EDT" duration-ms="431" status="PASS">
          <reporter-output>
          </reporter-output>
        </test-method> <!-- productResultSetup -->
        <test-method signature="productImagesTest(java.lang.String,java.lang.String,java.lang.String)[pri:0, instance:com.qa.opencart.tests.ProductResultsPageTest@2785db06]" started-at="2026-03-17T13:16:34 EDT" name="productImagesTest" data-provider="getSearchExcelTestData" finished-at="2026-03-17T13:16:37 EDT" duration-ms="2498" status="PASS">
          <params>
            <param index="0">
              <value>
                <![CDATA[MacBook]]>
              </value>
            </param>
            <param index="1">
              <value>
                <![CDATA[MacBook Pro]]>
              </value>
            </param>
            <param index="2">
              <value>
                <![CDATA[4]]>
              </value>
            </param>
          </params>
          <reporter-output>
          </reporter-output>
        </test-method> <!-- productImagesTest -->
        <test-method signature="productImagesTest(java.lang.String,java.lang.String,java.lang.String)[pri:0, instance:com.qa.opencart.tests.ProductResultsPageTest@2785db06]" started-at="2026-03-17T13:16:37 EDT" name="productImagesTest" data-provider="getSearchExcelTestData" finished-at="2026-03-17T13:16:38 EDT" duration-ms="1506" status="PASS">
          <params>
            <param index="0">
              <value>
                <![CDATA[MacBook]]>
              </value>
            </param>
            <param index="1">
              <value>
                <![CDATA[MacBook Air]]>
              </value>
            </param>
            <param index="2">
              <value>
                <![CDATA[4]]>
              </value>
            </param>
          </params>
          <reporter-output>
          </reporter-output>
        </test-method> <!-- productImagesTest -->
        <test-method signature="productImagesTest(java.lang.String,java.lang.String,java.lang.String)[pri:0, instance:com.qa.opencart.tests.ProductResultsPageTest@2785db06]" started-at="2026-03-17T13:16:38 EDT" name="productImagesTest" data-provider="getSearchExcelTestData" finished-at="2026-03-17T13:16:40 EDT" duration-ms="1928" status="PASS">
          <params>
            <param index="0">
              <value>
                <![CDATA[iMac]]>
              </value>
            </param>
            <param index="1">
              <value>
                <![CDATA[iMac]]>
              </value>
            </param>
            <param index="2">
              <value>
                <![CDATA[3]]>
              </value>
            </param>
          </params>
          <reporter-output>
          </reporter-output>
        </test-method> <!-- productImagesTest -->
        <test-method signature="productImagesTest(java.lang.String,java.lang.String,java.lang.String)[pri:0, instance:com.qa.opencart.tests.ProductResultsPageTest@2785db06]" started-at="2026-03-17T13:16:40 EDT" name="productImagesTest" data-provider="getSearchExcelTestData" finished-at="2026-03-17T13:16:43 EDT" duration-ms="2730" status="PASS">
          <params>
            <param index="0">
              <value>
                <![CDATA[Samsung]]>
              </value>
            </param>
            <param index="1">
              <value>
                <![CDATA[Samsung SyncMaster 941BW]]>
              </value>
            </param>
            <param index="2">
              <value>
                <![CDATA[1]]>
              </value>
            </param>
          </params>
          <reporter-output>
          </reporter-output>
        </test-method> <!-- productImagesTest -->
        <test-method signature="productImagesTest(java.lang.String,java.lang.String,java.lang.String)[pri:0, instance:com.qa.opencart.tests.ProductResultsPageTest@2785db06]" started-at="2026-03-17T13:16:43 EDT" name="productImagesTest" data-provider="getSearchExcelTestData" finished-at="2026-03-17T13:16:47 EDT" duration-ms="3577" status="PASS">
          <params>
            <param index="0">
              <value>
                <![CDATA[Canon]]>
              </value>
            </param>
            <param index="1">
              <value>
                <![CDATA[Canon EOS 5D]]>
              </value>
            </param>
            <param index="2">
              <value>
                <![CDATA[3]]>
              </value>
            </param>
          </params>
          <reporter-output>
          </reporter-output>
        </test-method> <!-- productImagesTest -->
        <test-method signature="productImagesTest(java.lang.String,java.lang.String,java.lang.String)[pri:0, instance:com.qa.opencart.tests.ProductResultsPageTest@2785db06]" started-at="2026-03-17T13:16:47 EDT" name="productImagesTest" data-provider="getSearchExcelTestData" finished-at="2026-03-17T13:16:48 EDT" duration-ms="1531" status="PASS">
          <params>
            <param index="0">
              <value>
                <![CDATA[Samsung]]>
              </value>
            </param>
            <param index="1">
              <value>
                <![CDATA[Samsung Galaxy Tab 10.1]]>
              </value>
            </param>
            <param index="2">
              <value>
                <![CDATA[7]]>
              </value>
            </param>
          </params>
          <reporter-output>
          </reporter-output>
        </test-method> <!-- productImagesTest -->
        <test-method signature="productInfoTest()[pri:0, instance:com.qa.opencart.tests.ProductResultsPageTest@2785db06]" started-at="2026-03-17T13:16:48 EDT" name="productInfoTest" finished-at="2026-03-17T13:16:49 EDT" duration-ms="1331" status="PASS">
          <reporter-output>
          </reporter-output>
        </test-method> <!-- productInfoTest -->
        <test-method is-config="true" signature="tearDown()[pri:0, instance:com.qa.opencart.tests.ProductResultsPageTest@2785db06]" started-at="2026-03-17T13:16:49 EDT" name="tearDown" finished-at="2026-03-17T13:16:50 EDT" duration-ms="163" status="PASS">
          <reporter-output>
          </reporter-output>
        </test-method> <!-- tearDown -->
      </class> <!-- com.qa.opencart.tests.ProductResultsPageTest -->
    </test> <!-- Product Results Page Test -->
  </suite> <!-- Open Cart App Test Regression Suite -->
</testng-results>
