<?xml version="1.0" encoding="UTF-8"?>
<!-- Generated by org.testng.reporters.JUnitReportReporter -->
<testsuite hostname="Sabawoon-Yuonus" failures="0" tests="7" name="com.qa.opencart.tests.ProductResultsPageTest" time="18.904" errors="0" timestamp="2026-03-16T10:10:42 EDT" skipped="0">
  <testcase classname="com.qa.opencart.tests.ProductResultsPageTest" name="productImagesTest" time="5.751"/>
  <testcase classname="com.qa.opencart.tests.ProductResultsPageTest" name="productImagesTest" time="2.121"/>
  <testcase classname="com.qa.opencart.tests.ProductResultsPageTest" name="productImagesTest" time="2.238"/>
  <testcase classname="com.qa.opencart.tests.ProductResultsPageTest" name="productImagesTest" time="1.844"/>
  <testcase classname="com.qa.opencart.tests.ProductResultsPageTest" name="productImagesTest" time="2.288"/>
  <testcase classname="com.qa.opencart.tests.ProductResultsPageTest" name="productImagesTest" time="2.898"/>
  <testcase classname="com.qa.opencart.tests.ProductResultsPageTest" name="productInfoTest" time="1.764"/>
</testsuite> <!-- com.qa.opencart.tests.ProductResultsPageTest -->
