<?xml version="1.0" encoding="UTF-8"?>
<!-- Generated by org.testng.reporters.JUnitReportReporter -->
<testsuite hostname="Sabawoon-Yuonus" failures="0" tests="7" name="com.qa.opencart.tests.ProductResultsPageTest" time="15.355" errors="0" timestamp="2026-03-15T15:31:16 EDT" skipped="0">
  <testcase classname="com.qa.opencart.tests.ProductResultsPageTest" name="productImagesTest" time="2.217"/>
  <testcase classname="com.qa.opencart.tests.ProductResultsPageTest" name="productInfoTest" time="1.706"/>
  <testcase classname="com.qa.opencart.tests.ProductResultsPageTest" name="productImagesTest" time="2.387"/>
  <testcase classname="com.qa.opencart.tests.ProductResultsPageTest" name="productImagesTest" time="2.780"/>
  <testcase classname="com.qa.opencart.tests.ProductResultsPageTest" name="productImagesTest" time="2.436"/>
  <testcase classname="com.qa.opencart.tests.ProductResultsPageTest" name="productImagesTest" time="2.242"/>
  <testcase classname="com.qa.opencart.tests.ProductResultsPageTest" name="productImagesTest" time="1.587"/>
</testsuite> <!-- com.qa.opencart.tests.ProductResultsPageTest -->
